/*C1*/SET SCHEMA SYSTEM_LOBS
INSERT INTO BLOCKS VALUES(0,2147483647,0)
COMMIT
/*C2*/SET SCHEMA PUBLIC
CREATE TABLE cliente (\u000a    idCliente INTEGER NOT NULL,\u000a    nombres VARCHAR(100) NOT NULL,\u000a    apellidos VARCHAR(100) NOT NULL,\u000a    fechaNac DATE NOT NULL,\u000a    genero VARCHAR(1) NOT NULL,\u000a    direccion VARCHAR(100),\u000a    ciudadResidencia VARCHAR(100),\u000a    celular BIGINT,\u000a    email VARCHAR(100),\u000a    PRIMARY KEY (idCliente)\u000a)
INSERT INTO CLIENTE VALUES(10012,'Brayan Stiven','Garcia Navia','1996-10-20','M','calle 5 #2-20','Popayan',2929292,'brayan@gmail.com')
COMMIT
CREATE TABLE continente (\u000aidContinente INTEGER NOT NULL,\u000anomContinente VARCHAR(100) NOT NULL,\u000aPRIMARY KEY (idContinente)\u000a)
INSERT INTO CONTINENTE VALUES(1,'America')
COMMIT
INSERT INTO CONTINENTE VALUES(2,'Asia')
COMMIT
INSERT INTO CONTINENTE VALUES(3,'Europa')
COMMIT
INSERT INTO CONTINENTE VALUES(4,'Africa')
COMMIT
INSERT INTO CONTINENTE VALUES(5,'Oceania')
COMMIT
CREATE table pais(\u000aidPais INTEGER NOT NULL,\u000anomPais VARCHAR(100) NOT NULL,\u000aidContinente INTEGER NOT NULL,\u000aCONSTRAINT fk_pais_conti  FOREIGN KEY (idContinente) REFERENCES continente(idContinente),\u000aPRIMARY KEY (idPais)\u000a)
INSERT INTO PAIS VALUES(1,'Colombia',1)
COMMIT
INSERT INTO PAIS VALUES(2,'Estados Unidos',1)
COMMIT
INSERT INTO PAIS VALUES(3,'Mexico',1)
COMMIT
INSERT INTO PAIS VALUES(4,'Argentina',1)
COMMIT
CREATE TABLE ciudad(\u000aidCiudad INTEGER NOT NULL,\u000anomCiudad VARCHAR(100) NOT NULL,\u000aidPais INTEGER NOT NULL,\u000aprecio BIGINT NOT NULL,\u000aCONSTRAINT fk_ciudad_pais  FOREIGN KEY (idPais) REFERENCES pais(idPais),\u000aPRIMARY KEY(idCiudad)\u000a)
INSERT INTO CIUDAD VALUES(1,'Popayan',1,50000)
COMMIT
INSERT INTO CIUDAD VALUES(2,'Cartagena',1,70000)
COMMIT
INSERT INTO CIUDAD VALUES(3,'San Andres',1,90000)
COMMIT
INSERT INTO CIUDAD VALUES(4,'Barranquilla',1,100000)
COMMIT
INSERT INTO CIUDAD VALUES(5,'Cancun',3,120000)
COMMIT
INSERT INTO CIUDAD VALUES(6,'Miami',2,100000)
COMMIT
CREATE TABLE vuelo(\u000aidVuelo INTEGER NOT NULL,\u000a      aerolinea VARCHAR(100) NOT NULL,\u000aidCiudadOrigen INTEGER NOT NULL,\u000aidCiudadDestino INTEGER NOT NULL,\u000aprecio BIGINT NOT NULL,\u000afechaHoraSalida Date NOT NULL,\u000a  fechaHoraLlegada  Date NOT NULL,\u000aCONSTRAINT fk_ciudad_origen  FOREIGN KEY (idCiudadOrigen) REFERENCES ciudad(idCiudad),\u000aCONSTRAINT fk2_ciudad_destino  FOREIGN KEY (idCiudadDestino) REFERENCES ciudad(idCiudad),\u000a    PRIMARY KEY(idVuelo)     \u000a)
INSERT INTO VUELO VALUES(1,'AVIANCA',1,5,1500000,'2019-10-20','2019-10-21')
COMMIT
INSERT INTO VUELO VALUES(2,'COPA AIRLINES',1,6,1800000,'2019-10-21','2019-10-22')
COMMIT
INSERT INTO VUELO VALUES(3,'COPA AIRLINES',1,2,1000000,'2019-10-20','2019-10-21')
COMMIT
INSERT INTO VUELO VALUES(4,'COPA AIRLINES',1,3,1000400,'2019-10-22','2018-10-22')
COMMIT
INSERT INTO VUELO VALUES(5,'COPA AIRLINES',1,4,1009000,'2019-08-02','2019-07-03')
COMMIT
INSERT INTO VUELO VALUES(6,'COPA AIRLINES',1,5,1000090,'2021-06-12','2019-12-31')
COMMIT
INSERT INTO VUELO VALUES(7,'Copa Airlines',5,1,2000000,'2019-12-29','2019-12-30')
COMMIT
CREATE TABLE hotel(\u000aidHotel INTEGER NOT NULL,\u000anomHotel VARCHAR(100) NOT NULL,\u000aidCiudad INTEGER NOT NULL,\u000aCONSTRAINT fk_hotel_ciudad  FOREIGN KEY (idCiudad) REFERENCES ciudad(idCiudad),\u000aPRIMARY KEY (idHotel)\u000a)
INSERT INTO HOTEL VALUES(1,'Hotel Internacional',5)
COMMIT
INSERT INTO HOTEL VALUES(2,'Hotel Safari',1)
COMMIT
INSERT INTO HOTEL VALUES(3,'Hotel Gran Colombiano',3)
COMMIT
INSERT INTO HOTEL VALUES(4,'The Plaza Hotel',6)
COMMIT
CREATE TABLE habitacion(\u000anumHabitacion INTEGER NOT NULL,\u000aidHotel INTEGER NOT NULL,\u000adisponible VARCHAR(1) NOT NULL,\u000adescripcion VARCHAR(100),\u000aprecio BIGINT NOT NULL,\u000aCONSTRAINT fk_habitacion_hotel FOREIGN KEY (idHotel) REFERENCES hotel(idHotel),\u000aPRIMARY KEY (numHabitacion, idHotel)\u000a\u000a)
INSERT INTO HABITACION VALUES(201,1,'D','HABITACION SIMPLE',60000)
COMMIT
INSERT INTO HABITACION VALUES(202,1,'D','HABITACION DOBLE',90000)
COMMIT
INSERT INTO HABITACION VALUES(201,2,'D','HABITACION SIMPLE',55000)
COMMIT
INSERT INTO HABITACION VALUES(202,2,'D','HABITACION DOBLE',190000)
COMMIT
INSERT INTO HABITACION VALUES(201,3,'D','HABITACION SIMPLE',90000)
COMMIT
INSERT INTO HABITACION VALUES(202,3,'D','HABITACION DOBLE',92400)
COMMIT
INSERT INTO HABITACION VALUES(201,4,'D','HABITACION SIMPLE',94000)
COMMIT
INSERT INTO HABITACION VALUES(202,4,'D','HABITACION DOBLE',192000)
COMMIT
CREATE TABLE reservaHotel(\u000aidHotel INTEGER NOT NULL,\u000anumHabitacion INTEGER NOT NULL,\u000aidCliente INTEGER NOT NULL,\u000afechaEntrada DATE NOT NULL,\u000afechaSalida DATE NOT NULL,\u000aCONSTRAINT fk_reserva_habitacion  FOREIGN KEY (numHabitacion,idHotel) REFERENCES habitacion(numHabitacion,idHotel),\u000aCONSTRAINT fk_reserva_cliente  FOREIGN KEY (idCliente) REFERENCES cliente(idCliente),\u000aPRIMARY KEY(idHotel,numHabitacion,fechaEntrada,fechaSalida)\u000a)
INSERT INTO RESERVAHOTEL VALUES(1,201,10012,'2019-07-20','2019-07-24')
COMMIT
CREATE TABLE cityTour(\u000aidCityTour INTEGER NOT NULL,\u000aidCiudad INTEGER NOT NULL,\u000adescripcion VARCHAR(200),\u000afechaInicio DATE NOT NULL,\u000afechaFin DATE NOT NULL,\u000acantidad INTEGER NOT NULL,\u000aprecio BIGINT NOT NULL,\u000aCONSTRAINT fk_citiyTour_ciudad  FOREIGN KEY (idCiudad) REFERENCES ciudad(idCiudad),\u000aPRIMARY KEY (idCityTour)\u000a\u000a)
INSERT INTO CITYTOUR VALUES(1,3,'Vuelta por san Andres y sus sitios mas conocidos','2019-10-20','2019-10-21',2,23000)
COMMIT
INSERT INTO CITYTOUR VALUES(2,3,'Ida a los museos','2019-10-20','2019-10-21',2,23400)
COMMIT
INSERT INTO CITYTOUR VALUES(3,2,'Vuelta por Cartagena y sus sitios mas emblem\u00e1ticos','2019-10-20','2019-10-21',2,90000)
COMMIT
INSERT INTO CITYTOUR VALUES(4,2,'Ida a los museos','2019-10-20','2019-10-21',5,29000)
COMMIT
INSERT INTO CITYTOUR VALUES(5,5,'Ida a los museos','2019-10-20','2019-10-21',7,29000)
COMMIT
CREATE TABLE planAlimentacion(\u000aidPlanAlimentacion INTEGER NOT NULL,\u000aidHotel INTEGER NOT NULL,\u000adescripcion VARCHAR(200),\u000acantidad INTEGER NOT NULL,\u000aprecio BIGINT NOT NULL,\u000aCONSTRAINT fk_planAli_hotel  FOREIGN KEY (idHotel) REFERENCES hotel(idHotel),\u000aPRIMARY KEY (idHotel,idPlanAlimentacion)\u000a)
INSERT INTO PLANALIMENTACION VALUES(1,1,'Desayuno almuerzo y comida',30,50000)
COMMIT
INSERT INTO PLANALIMENTACION VALUES(2,2,'Desayuno almuerzo y comida',40,55000)
COMMIT
INSERT INTO PLANALIMENTACION VALUES(3,3,'Desayuno almuerzo y comida',100,98000)
COMMIT
INSERT INTO PLANALIMENTACION VALUES(4,4,'Desayuno almuerzo y comida',23,24000)
COMMIT
CREATE TABLE Paquete(\u000aidPaquete INTEGER GENERATED BY DEFAULT AS IDENTITY(START WITH 100, INCREMENT BY 1) PRIMARY KEY,\u000anombrePaquete VARCHAR(100),\u000atipoPaquete VARCHAR(1) NOT NULL,\u000acantidad INTEGER NOT NULL,\u000aprecio BIGINT NOT NULL,\u000afechaCreacion DATE NOT NULL,\u000afechaInicio DATE,\u000afechaFin DATE,\u000adescripcion VARCHAR(100)\u000a)
INSERT INTO PAQUETE VALUES(100,NULL,'P',0,23000,'2019-07-29','2019-11-29','2019-11-30','Paquete Personalizado')
COMMIT
CREATE TABLE Venta(\u000aidVenta INTEGER NOT NULL,\u000aidPaquete INTEGER NOT NULL,\u000aidCliente INTEGER NOT NULL,\u000afechaVenta DATE NOT NULL,\u000aCONSTRAINT fk_venta_paquete  FOREIGN KEY (idPaquete) REFERENCES paquete(idPaquete),\u000aCONSTRAINT fk_venta_cliente  FOREIGN KEY (idCliente) REFERENCES cliente(idCliente),\u000aPRIMARY KEY(idVenta)\u000a)
CREATE TABLE paqueteCiudades(\u000aidPaquete INTEGER NOT NULL,\u000aidCiudad INTEGER NOT NULL,\u000aCONSTRAINT fk_paquete_ciudades  FOREIGN KEY (idPaquete) REFERENCES paquete(idPaquete),\u000aCONSTRAINT fk2_paquete_ciudades FOREIGN KEY (idCiudad) REFERENCES ciudad(idCiudad),\u000aPRIMARY KEY(idPaquete,idCiudad)\u000a)
CREATE TABLE paqueteVuelos(\u000aidPaquete INTEGER NOT NULL,\u000aidVuelo INTEGER NOT NULL,\u000aCONSTRAINT fk_paquete_paquete  FOREIGN KEY (idPaquete) REFERENCES paquete(idPaquete),\u000aCONSTRAINT fk2_paquete_vuelo FOREIGN KEY (idVuelo) REFERENCES vuelo(idVuelo),\u000aPRIMARY KEY(idPaquete,idVuelo)\u000a\u000a\u000a)
CREATE TABLE paqueteHoteles(\u000aidPaquete INTEGER NOT NULL,\u000aidHotel INTEGER NOT NULL,\u000aCONSTRAINT fk_paquete_hoteles  FOREIGN KEY (idPaquete) REFERENCES paquete(idPaquete),\u000aCONSTRAINT fk2_paquete_hoteles  FOREIGN KEY (idHotel) REFERENCES hotel(idHotel),\u000aPRIMARY KEY(idPaquete,idHotel)\u000a\u000a\u000a)
CREATE TABLE paqueteHabitacion(\u000aidPaquete INTEGER NOT NULL,\u000aidHotel INTEGER NOT NULL,\u000anumHabitacion INTEGER NOT NULL,\u000aCONSTRAINT fk_paquete FOREIGN KEY (idPaquete) REFERENCES paquete(idPaquete),\u000aCONSTRAINT fk2_paquete_habitacion  FOREIGN KEY (idHotel,numHabitacion) REFERENCES habitacion(idHotel,numHabitacion),\u000aPRIMARY KEY(idPaquete,idHotel,numHabitacion)\u000a)
CREATE TABLE paqueteCityTours(\u000aidPaquete INTEGER NOT NULL,\u000aidCityTour INTEGER NOT NULL,\u000aCONSTRAINT fk_paquete_cityTour  FOREIGN KEY (idPaquete) REFERENCES paquete(idPaquete),\u000aCONSTRAINT fk2_paquete_cityTour  FOREIGN KEY (idCityTour) REFERENCES cityTour(idCityTour),\u000aPRIMARY KEY(idPaquete,idCityTour)\u000a\u000a\u000a)
CREATE TABLE paqueteAlimentacion(\u000aidPaquete INTEGER NOT NULL,\u000aidPlanAlimentacion INTEGER NOT NULL,\u000aidHotel INTEGER NOT NULL,\u000aCONSTRAINT fk_paquete_paq  FOREIGN KEY (idPaquete) REFERENCES paquete(idPaquete),\u000aCONSTRAINT fk_paquete_alimen2  FOREIGN KEY (idHotel,idPlanAlimentacion) REFERENCES planAlimentacion(idHotel,idPlanAlimentacion),\u000aPRIMARY KEY(idPaquete,idPlanAlimentacion)\u000a\u000a)
INSERT INTO PAQUETE VALUES(102,'Paquete Europa','T',0,5000000,'2019-07-29','2019-11-29','2019-11-30','Paquete Todo incluido')
COMMIT
INSERT INTO PAQUETE VALUES(103,'Paquete Europa','T',0,5000000,'2019-07-29','2019-11-29','2019-11-30','Paquete Todo incluido')
COMMIT
DELETE FROM PAQUETE WHERE IDPAQUETE=102
COMMIT
INSERT INTO PAIS VALUES(5,'Italia',1)
COMMIT
INSERT INTO PAIS VALUES(6,'Espa\u00f1a',1)
COMMIT
INSERT INTO PAIS VALUES(7,'Francia',1)
COMMIT
INSERT INTO PAIS VALUES(8,'Suiza',1)
COMMIT
INSERT INTO CIUDAD VALUES(7,'Roma',5,500000)
COMMIT
INSERT INTO CIUDAD VALUES(8,'Madrid',6,450000)
COMMIT
INSERT INTO CIUDAD VALUES(9,'Barcelona',6,400000)
COMMIT
INSERT INTO CIUDAD VALUES(10,'Paris',7,1000000)
COMMIT
INSERT INTO CIUDAD VALUES(11,'Marsella',7,300000)
COMMIT
INSERT INTO CIUDAD VALUES(12,'Berna',8,400000)
COMMIT
DISCONNECT
/*C3*/SET SCHEMA PUBLIC
INSERT INTO VUELO VALUES(8,'VIRGIN',1,7,1500000,'2019-08-01','2019-08-01')
COMMIT
INSERT INTO VUELO VALUES(9,'IBERIA',7,8,300000,'2019-08-03','2019-08-03')
COMMIT
INSERT INTO VUELO VALUES(10,'AIREUROPA',8,9,200000,'2019-08-05','2019-08-05')
COMMIT
INSERT INTO VUELO VALUES(11,'IBERIA',9,10,190000,'2019-08-07','2019-08-07')
COMMIT
INSERT INTO VUELO VALUES(12,'IBERIA',10,11,250000,'2019-08-09','2019-08-09')
COMMIT
INSERT INTO VUELO VALUES(13,'IBERIA',11,12,400000,'2019-08-11','2019-08-11')
COMMIT
DISCONNECT
